<?xml version='1.0' encoding='UTF-8'?>
<testsuite hostname="Mahavir" name="controllers.HomeControllerTest" tests="3" errors="0" failures="0" skipped="0" time="5.25" timestamp="2022-03-14T18:22:09">
                     <properties>
      <property name="awt.toolkit" value="sun.awt.windows.WToolkit"/><property name="java.specification.version" value="11"/><property name="sun.cpu.isalist" value="amd64"/><property name="sun.jnu.encoding" value="Cp1252"/><property name="sun.arch.data.model" value="64"/><property name="java.vendor.url" value="https://openjdk.java.net/"/><property name="sun.boot.library.path" value="C:\Program Files\Java\jdk-11.0.12\bin"/><property name="sun.java.command" value="xsbt.boot.Boot jacoco"/><property name="jdk.debug" value="release"/><property name="sun.stderr.encoding" value="cp437"/><property name="java.specification.vendor" value="Oracle Corporation"/><property name="java.version.date" value="2021-07-20"/><property name="java.home" value="C:\Program Files\Java\jdk-11.0.12"/><property name="file.separator" value="\"/><property name="java.vm.compressedOopsMode" value="32-bit"/><property name="line.separator" value="
"/><property name="sun.stdout.encoding" value="cp437"/><property name="java.specification.name" value="Java Platform API Specification"/><property name="java.vm.specification.vendor" value="Oracle Corporation"/><property name="user.script" value=""/><property name="sun.management.compiler" value="HotSpot 64-Bit Tiered Compilers"/><property name="java.runtime.version" value="11.0.12+8-LTS-237"/><property name="user.name" value="Mahavir"/><property name="log4j.ignoreTCL" value="true"/><property name="file.encoding" value="UTF-8"/><property name="java.vendor.version" value="18.9"/><property name="java.io.tmpdir" value="C:\Users\Mahavir\AppData\Local\Temp\"/><property name="java.version" value="11.0.12"/><property name="java.vm.specification.name" value="Java Virtual Machine Specification"/><property name="java.awt.printerjob" value="sun.awt.windows.WPrinterJob"/><property name="sun.os.patch.level" value=""/><property name="java.library.path" value="C:\Program Files\Java\jdk-11.0.12\bin;C:\WINDOWS\Sun\Java\bin;C:\WINDOWS\system32;C:\WINDOWS;C:/Program Files/Java/jdk-11.0.12/bin/server;C:/Program Files/Java/jdk-11.0.12/bin;&quot;C:\Program Files (x86)\Intel\Intel(R) Management Engine Components\iCLS\;C:\Users\Mahavir\AppData\Local\Programs\Python\Python36\Scripts\&quot;;C:\Windows\system32;C:\Windows;C:\Windows\System32\Wbem;C:\Windows\System32\WindowsPowerShell\v1.0\;C:\Program Files (x86)\NVIDIA Corporation\PhysX\Common;C:\WINDOWS\system32;C:\WINDOWS;C:\WINDOWS\System32\Wbem;C:\WINDOWS\System32\WindowsPowerShell\v1.0\;C:\WINDOWS\System32\OpenSSH\;C:\Program Files\NVIDIA Corporation\NVIDIA NvDLISR;C:\Program Files\Intel\WiFi\bin\;C:\Program Files\Common Files\Intel\WirelessCommon\;C:\Program Files (x86)\IntelSWTools\openvino\bin\;C:\Program Files\nodejs\;C:\ProgramData\chocolatey\bin;D:\Elasticsearch_stack\logstash-7.9.0\bin;D:\Elasticsearch_stack\kibana-7.8.1-windows-x86_64\bin;D:\Elasticsearch_stack\elasticsearch-7.8.1\bin;C:\Program Files (x86)\Intel\Intel(R) Management Engine Components\DAL;C:\Program Files\Intel\Intel(R) Management Engine Components\DAL;C:\Program Files\Git\cmd;C:\Users\Mahavir\AppData\Local\Programs\Python\Python39\Scripts\;C:\Program Files\wureset;C:\Program Files\Java\jdk1.8.0_202\bin;C:\Program Files\Java\jdk-11.0.12\bin;C:\Program Files (x86)\sbt\bin;C:\Users\Mahavir\AppData\Local\Programs\Python\Python39\Scripts\;C:\Users\Mahavir\AppData\Local\Programs\Python\Python39\;C:\Users\Mahavir\AppData\Local\Programs\Microsoft VS Code\bin;C:\Users\Mahavir\AppData\Local\Microsoft\WindowsApps;C:\Program Files (x86)\IntelSWTools\openvino\bin\;C:\Program Files\Java\mysql-connector-java-8.0.18\mysql-connector-java-8.0.18.jar;C:\Users\Mahavir\AppData\Roaming\npm;C:\Users\Mahavir\AppData\Local\Microsoft\WindowsApps;C:\Program Files\Java\jdk1.8.0_202\bin;C:\Program Files\Java\jdk-11.0.12\bin;C:\Program Files\JetBrains\IntelliJ IDEA Community Edition 2021.3.2\bin;;C:\ProgramData\chocolatey\lib\sbt;;C:\Users\Mahavir\Desktop;;."/><property name="java.vendor" value="Oracle Corporation"/><property name="scala.ext.dirs" value=""/><property name="sun.io.unicode.encoding" value="UnicodeLittle"/><property name="sun.desktop" value="windows"/><property name="java.class.path" value="C:\Program Files (x86)\sbt\\bin\sbt-launch.jar"/><property name="java.vm.vendor" value="Oracle Corporation"/><property name="user.variant" value=""/><property name="jline.shutdownhook" value="false"/><property name="user.timezone" value="America/New_York"/><property name="os.name" value="Windows 10"/><property name="java.vm.specification.version" value="11"/><property name="sun.java.launcher" value="SUN_STANDARD"/><property name="user.country" value="US"/><property name="sun.cpu.endian" value="little"/><property name="user.home" value="C:\Users\Mahavir"/><property name="user.language" value="en"/><property name="swoval.tmpdir" value="C:\Users\Mahavir\.sbt\1.0"/><property name="java.awt.graphicsenv" value="sun.awt.Win32GraphicsEnvironment"/><property name="jline.esc.timeout" value="0"/><property name="path.separator" value=";"/><property name="os.version" value="10.0"/><property name="jna.nosys" value="true"/><property name="java.runtime.name" value="Java(TM) SE Runtime Environment"/><property name="java.vm.name" value="Java HotSpot(TM) 64-Bit Server VM"/><property name="java.vendor.url.bug" value="https://bugreport.java.com/bugreport/"/><property name="user.dir" value="D:\Concordia\SOEN 6441 APP\Assignment-1 Freelancelot"/><property name="os.arch" value="amd64"/><property name="java.vm.info" value="mixed mode"/><property name="java.vm.version" value="11.0.12+8-LTS-237"/><property name="java.class.version" value="55.0"/>
    </properties>
                     <testcase classname="controllers.HomeControllerTest" name="testIndex" time="3.744">
                                                 
                                               </testcase><testcase classname="controllers.HomeControllerTest" name="testSkill" time="0.45">
                                                 
                                               </testcase><testcase classname="controllers.HomeControllerTest" name="testProfile" time="1.056">
                                                 
                                               </testcase>
                     <system-out><![CDATA[]]></system-out>
                     <system-err><![CDATA[]]></system-err>
                   </testsuite>